#
# A fatal error has been detected by the Java Runtime Environment:
#
#  SIGSEGV (0xb) at pc=0x00007f5b18933e95, pid=24386, tid=24533
#
# JRE version: Java(TM) SE Runtime Environment (13.0.2+8) (build 13.0.2+8)
# Java VM: Java HotSpot(TM) 64-Bit Server VM (13.0.2+8, mixed mode, sharing, tiered, compressed oops, g1 gc, linux-amd64)
# Problematic frame:
# V  [libjvm.so+0x798e95]  GenerateOopMap::do_field(int, int, int, int)+0x45
#
# Core dump will be written. Default location: Core dumps may be processed with "/usr/share/apport/apport %p %s %c %d %P" (or dumping to /home/ubuntu/git/TestingProductConfiguration/Experiments/core.24386)
#
# If you would like to submit a bug report, please visit:
#   http://bugreport.java.com/bugreport/crash.jsp
#

---------------  S U M M A R Y ------------

Command Line: -agentlib:jdwp=transport=dt_socket,suspend=y,address=localhost:40823 -Dfile.encoding=UTF-8 main.listaExperimentos Benchmarks/testsuite/ Diag

Host: Intel(R) Core(TM) i5-4288U CPU @ 2.60GHz, 4 cores, 7G, Ubuntu 18.04.4 LTS
Time: Sat Jun  6 19:39:56 2020 UTC elapsed time: 99 seconds (0d 0h 1m 39s)

---------------  T H R E A D  ---------------

Current thread (0x00007f5ad8002800):  GCTaskThread "GC Thread#1" [stack: 0x00007f5ade427000,0x00007f5ade527000] [id=24533]

Stack: [0x00007f5ade427000,0x00007f5ade527000],  sp=0x00007f5ade524260,  free space=1012k
Native frames: (J=compiled Java code, A=aot compiled Java code, j=interpreted, Vv=VM code, C=native code)
V  [libjvm.so+0x798e95]  GenerateOopMap::do_field(int, int, int, int)+0x45
V  [libjvm.so+0x79cf75]  GenerateOopMap::interp_bb(BasicBlock*)+0x1f5
V  [libjvm.so+0x79e8dc]  GenerateOopMap::do_interpretation()+0xcc
V  [libjvm.so+0x79eba9]  GenerateOopMap::compute_map(Thread*)+0x279
V  [libjvm.so+0xb912a4]  OopMapForCacheEntry::compute_map(Thread*) [clone .part.25]+0x54
V  [libjvm.so+0xb9210b]  OopMapCacheEntry::fill(methodHandle const&, int)+0x1ab
V  [libjvm.so+0xb92c0b]  OopMapCache::lookup(methodHandle const&, int, InterpreterOopMap*)+0x20b
V  [libjvm.so+0xb37748]  Method::mask_for(int, InterpreterOopMap*)+0x88
V  [libjvm.so+0x6f1a7c]  frame::oops_interpreted_do(OopClosure*, RegisterMap const*, bool)+0x19c
V  [libjvm.so+0xd4e5d2]  JavaThread::oops_do(OopClosure*, CodeBlobClosure*)+0x182
V  [libjvm.so+0xd54658]  Threads::possibly_parallel_oops_do(bool, OopClosure*, CodeBlobClosure*)+0x188
V  [libjvm.so+0x76dc26]  G1RootProcessor::process_java_roots(G1RootClosures*, G1GCPhaseTimes*, unsigned int)+0xb6
V  [libjvm.so+0x76e0e8]  G1RootProcessor::evacuate_roots(G1ParScanThreadState*, unsigned int)+0x68
V  [libjvm.so+0x71262f]  G1EvacuateRegionsTask::scan_roots(G1ParScanThreadState*, unsigned int)+0x1f
V  [libjvm.so+0x7135d8]  G1EvacuateRegionsBaseTask::work(unsigned int)+0x98
V  [libjvm.so+0xdea5fd]  GangWorker::loop()+0x4d
V  [libjvm.so+0xd5637d]  Thread::call_run()+0x10d
V  [libjvm.so+0xba8b37]  thread_native_entry(Thread*)+0xe7

JavaThread 0x00007f5b1001a000 (nid = 24391) was being processed
Java frames: (J=compiled Java code, j=interpreted, Vv=VM code)
j  choco.kernel.memory.trailing.StoredIntVectorTrail.<init>(Lchoco/kernel/memory/trailing/EnvironmentTrailing;II)V+34
j  choco.kernel.memory.trailing.EnvironmentTrailing.<init>()V+95
j  choco.cp.solver.CPSolver.<init>()V+5
j  es.us.isa.Choco.fmdiag.ChocoExplainErrorFMDIAG.isConsistent(Ljava/util/Collection;)Z+94
j  es.us.isa.Choco.fmdiag.ChocoExplainErrorFMDIAG.diag(Ljava/util/List;Ljava/util/List;Ljava/util/List;)Ljava/util/List;+11
j  es.us.isa.Choco.fmdiag.ChocoExplainErrorFMDIAG.diag(Ljava/util/List;Ljava/util/List;Ljava/util/List;)Ljava/util/List;+86
j  es.us.isa.Choco.fmdiag.ChocoExplainErrorFMDIAG.fmdiag(Ljava/util/List;Ljava/util/List;)Ljava/util/List;+57
j  es.us.isa.Choco.fmdiag.ChocoExplainErrorFMDIAG.answer(Les/us/isa/FAMA/Reasoner/Reasoner;)Les/us/isa/FAMA/Benchmarking/PerformanceResult;+357
j  es.us.isa.ChocoReasoner.ChocoReasoner.ask(Les/us/isa/FAMA/Reasoner/Question;)Les/us/isa/FAMA/Benchmarking/PerformanceResult;+41
j  main.listaExperimentos.Diagnosis(Ljava/lang/String;Ljava/lang/String;)Ljava/util/Set;+73
j  main.listaExperimentos.main([Ljava/lang/String;)V+266
v  ~StubRoutines::call_stub

siginfo: si_signo: 11 (SIGSEGV), si_code: 1 (SEGV_MAPERR), si_addr: 0x0000000000000006

Register to memory mapping:

RAX=0x0 is NULL
RBX=0x0000000000000001 is an unknown value
RCX=0x00000000000000ca is an unknown value
RDX=0x0 is NULL
RSP=0x00007f5ade524260 points into unknown readable memory: 88 0e c0 df 5a 7f 00 00
RBP=0x00007f5ade5242b0 points into unknown readable memory: 70 43 52 de 5a 7f 00 00
RSI=0x000000000000102c is an unknown value
RDI=0x00007f5adfc00148 is pointing into metadata
R8 =0x00000000000000ac is an unknown value
R9 =0x00007f5b1935c1a0: <offset 0x00000000011c11a0> in /usr/lib/jvm/java-13-oracle/lib/server/libjvm.so at 0x00007f5b1819b000
R10=0x00000000000000b2 is an unknown value
R11=0x0000000000000001 is an unknown value
R12=0x00007f5ade524530 points into unknown readable memory: 68 be 26 19 5b 7f 00 00
R13=0x0000000000000001 is an unknown value
R14=0x00000000000000ac is an unknown value
R15=0x00007f5adfc00148 is pointing into metadata


Registers:
RAX=0x0000000000000000, RBX=0x0000000000000001, RCX=0x00000000000000ca, RDX=0x0000000000000000
RSP=0x00007f5ade524260, RBP=0x00007f5ade5242b0, RSI=0x000000000000102c, RDI=0x00007f5adfc00148
R8 =0x00000000000000ac, R9 =0x00007f5b1935c1a0, R10=0x00000000000000b2, R11=0x0000000000000001
R12=0x00007f5ade524530, R13=0x0000000000000001, R14=0x00000000000000ac, R15=0x00007f5adfc00148
RIP=0x00007f5b18933e95, EFLAGS=0x0000000000010203, CSGSFS=0x002b000000000033, ERR=0x0000000000000004
  TRAPNO=0x000000000000000e

Top of Stack: (sp=0x00007f5ade524260)
0x00007f5ade524260:   00007f5adfc00e88 00007f5b18932c43
0x00007f5ade524270:   00007f5adfc00cb4 00007f5a000000e6
0x00007f5ade524280:   00007f5ade524310 00000000000000b2
0x00007f5ade524290:   00000000000000b4 00007f5b1935bde0 

Instructions: (pc=0x00007f5b18933e95)
0x00007f5b18933d95:   37 66 2e 0f 1f 84 00 00 00 00 00 49 83 c5 04 48
0x00007f5b18933da5:   63 43 58 3b 43 24 7d 73 48 63 73 20 41 8b 4d fc
0x00007f5b18933db5:   8d 78 01 48 8b 53 48 89 7b 58 48 01 f0 89 0c 82
0x00007f5b18933dc5:   41 8b 45 00 85 c0 75 d3 48 83 c4 08 5b 41 5c 41
0x00007f5b18933dd5:   5d 41 5e 41 5f 5d c3 0f 1f 40 00 4c 89 e6 48 89
0x00007f5b18933de5:   df 31 c0 e8 43 ea ff ff 45 8b 3e 45 85 ff 74 92
0x00007f5b18933df5:   8b 43 58 49 83 c6 04 85 c0 0f 8f 5b ff ff ff 31
0x00007f5b18933e05:   c0 4c 89 e6 48 89 df e8 1f ea ff ff 8b 05 49 26
0x00007f5b18933e15:   a5 00 e9 59 ff ff ff 0f 1f 40 00 4c 89 e6 48 89
0x00007f5b18933e25:   df 31 c0 e8 03 ea ff ff 41 8b 55 00 85 d2 0f 85
0x00007f5b18933e35:   67 ff ff ff 48 83 c4 08 5b 41 5c 41 5d 41 5e 41
0x00007f5b18933e45:   5f 5d c3 0f 1f 84 00 00 00 00 00 55 48 89 e5 41
0x00007f5b18933e55:   57 41 56 45 89 c6 41 55 41 89 d5 31 d2 41 54 49
0x00007f5b18933e65:   89 fc 53 89 f3 89 ce 48 83 ec 28 48 8b 47 08 48
0x00007f5b18933e75:   8b 40 08 4c 8b 78 08 4c 89 ff e8 6c 39 e8 ff 4c
0x00007f5b18933e85:   89 ff 89 c6 e8 02 3b e8 ff 48 98 49 8b 44 c7 40
0x00007f5b18933e95:   0f b6 40 06 3c 4c 0f 84 bf 00 00 00 3c 5b 0f 84
0x00007f5b18933ea5:   b7 00 00 00 3c 4a 0f 84 8f 00 00 00 3c 44 0f 84
0x00007f5b18933eb5:   87 00 00 00 3c 56 48 8d 15 96 25 a5 00 48 8d 05
0x00007f5b18933ec5:   9f 25 a5 00 48 0f 44 d0 85 db 75 7a 8b 32 85 f6
0x00007f5b18933ed5:   0f 84 c5 00 00 00 8b 3d c7 24 a5 00 31 c0 48 8d
0x00007f5b18933ee5:   75 c0 66 0f 1f 84 00 00 00 00 00 8b 0c 82 8d 58
0x00007f5b18933ef5:   01 89 0c 86 48 83 c0 01 8b 0c 82 85 c9 75 ec 48
0x00007f5b18933f05:   8d 15 5d 25 a5 00 45 85 ed 75 10 8b 0d 8a 24 a5
0x00007f5b18933f15:   00 48 63 c3 83 c3 01 89 4c 85 c0 48 63 db 89 7c
0x00007f5b18933f25:   9d c0 4c 89 e7 e8 f1 fd ff ff 48 83 c4 28 5b 41
0x00007f5b18933f35:   5c 41 5d 41 5e 41 5f 5d c3 66 90 48 8d 15 d9 24
0x00007f5b18933f45:   a5 00 85 db 74 86 31 db 8b 3d 55 24 a5 00 48 8d
0x00007f5b18933f55:   75 c0 eb b2 0f 1f 80 00 00 00 00 41 81 e6 ff ff
0x00007f5b18933f65:   ff 00 8b 3d 3b 24 a5 00 48 8d 55 b0 41 81 ce 00
0x00007f5b18933f75:   00 00 46 44 89 75 b0 89 7d b4 85 db 0f 84 5a ff
0x00007f5b18933f85:   ff ff 31 db 48 8d 55 b0 48 8d 75 c0 e9 75 ff ff 


Stack slot to memory mapping:
stack at sp + 0 slots: {method} {0x00007f5adfc00e88} 'main' '([Ljava/lang/String;)V' in 'main/listaExperimentos'
stack at sp + 1 slots: 0x00007f5b18932c43: <offset 0x0000000000797c43> in /usr/lib/jvm/java-13-oracle/lib/server/libjvm.so at 0x00007f5b1819b000
stack at sp + 2 slots: 0x00007f5adfc00cb4 is pointing into metadata
stack at sp + 3 slots: 0x00007f5a000000e6 is an unknown value
stack at sp + 4 slots: 0x00007f5ade524310 points into unknown readable memory: 70 43 52 de 5a 7f 00 00
stack at sp + 5 slots: 0x00000000000000b2 is an unknown value
stack at sp + 6 slots: 0x00000000000000b4 is an unknown value
stack at sp + 7 slots: 0x00007f5b1935bde0: <offset 0x00000000011c0de0> in /usr/lib/jvm/java-13-oracle/lib/server/libjvm.so at 0x00007f5b1819b000


---------------  P R O C E S S  ---------------

Threads class SMR info:
_java_thread_list=0x00007f5b10185f70, length=12, elements={
0x00007f5b1001a000, 0x00007f5b1012e800, 0x00007f5b10130800, 0x00007f5b10136800,
0x00007f5b10138800, 0x00007f5b1013a800, 0x00007f5b1013c800, 0x00007f5b10179800,
0x00007f5b1017c800, 0x00007f5ab8001800, 0x00007f5b1017e000, 0x00007f5b10184800
}

Java Threads: ( => current thread )
  0x00007f5b1001a000 JavaThread "main" [_thread_blocked, id=24391, stack(0x00007f5b19f06000,0x00007f5b1a007000)]
  0x00007f5b1012e800 JavaThread "Reference Handler" daemon [_thread_blocked, id=24399, stack(0x00007f5af4284000,0x00007f5af4385000)]
  0x00007f5b10130800 JavaThread "Finalizer" daemon [_thread_blocked, id=24401, stack(0x00007f5af4183000,0x00007f5af4284000)]
  0x00007f5b10136800 JavaThread "Signal Dispatcher" daemon [_thread_blocked, id=24402, stack(0x00007f5af4082000,0x00007f5af4183000)]
  0x00007f5b10138800 JavaThread "C2 CompilerThread0" daemon [_thread_blocked, id=24403, stack(0x00007f5aded30000,0x00007f5adee31000)]
  0x00007f5b1013a800 JavaThread "C1 CompilerThread0" daemon [_thread_blocked, id=24404, stack(0x00007f5adec2f000,0x00007f5aded30000)]
  0x00007f5b1013c800 JavaThread "Sweeper thread" daemon [_thread_blocked, id=24405, stack(0x00007f5adeb2e000,0x00007f5adec2f000)]
  0x00007f5b10179800 JavaThread "JDWP Transport Listener: dt_socket" daemon [_thread_blocked, id=24407, stack(0x00007f5adea2d000,0x00007f5adeb2e000)]
  0x00007f5b1017c800 JavaThread "JDWP Event Helper Thread" daemon [_thread_blocked, id=24410, stack(0x00007f5ade92c000,0x00007f5adea2d000)]
  0x00007f5ab8001800 JavaThread "JDWP Command Reader" daemon [_thread_in_native, id=24411, stack(0x00007f5ade82b000,0x00007f5ade92c000)]
  0x00007f5b1017e000 JavaThread "Service Thread" daemon [_thread_blocked, id=24415, stack(0x00007f5ade72a000,0x00007f5ade82b000)]
  0x00007f5b10184800 JavaThread "Common-Cleaner" daemon [_thread_blocked, id=24417, stack(0x00007f5ade527000,0x00007f5ade628000)]

Other Threads:
  0x00007f5b1012b800 VMThread "VM Thread" [stack: 0x00007f5af4387000,0x00007f5af4487000] [id=24398]
  0x00007f5b10181800 WatcherThread [stack: 0x00007f5ade62a000,0x00007f5ade72a000] [id=24416]
  0x00007f5b1006d800 GCTaskThread "GC Thread#0" [stack: 0x00007f5b1424f000,0x00007f5b1434f000] [id=24392]
=>0x00007f5ad8002800 GCTaskThread "GC Thread#1" [stack: 0x00007f5ade427000,0x00007f5ade527000] [id=24533]
  0x00007f5ad8004000 GCTaskThread "GC Thread#2" [stack: 0x00007f5ade325000,0x00007f5ade425000] [id=24534]
  0x00007f5b1007f000 ConcurrentGCThread "G1 Main Marker" [stack: 0x00007f5b1414d000,0x00007f5b1424d000] [id=24393]
  0x00007f5b10080800 ConcurrentGCThread "G1 Conc#0" [stack: 0x00007f5b1404b000,0x00007f5b1414b000] [id=24394]
  0x00007f5b100f9800 ConcurrentGCThread "G1 Refine#0" [stack: 0x00007f5af46a8000,0x00007f5af47a8000] [id=24395]
  0x00007f5b100fb800 ConcurrentGCThread "G1 Young RemSet Sampling" [stack: 0x00007f5af45a6000,0x00007f5af46a6000] [id=24397]

Threads with active compile tasks:
C2 CompilerThread0    99538  634   !   4       java.net.URL::<init> (543 bytes)
C1 CompilerThread0    99538  637       3       sun.net.www.protocol.jar.Handler::parseContextSpec (150 bytes)

VM state:at safepoint (normal execution)

VM Mutex/Monitor currently owned by a thread:  ([mutex/lock_event])
[0x00007f5b10015200] Threads_lock - owner thread: 0x00007f5b1012b800
[0x00007f5b10015e00] Heap_lock - owner thread: 0x00007f5b1001a000

Heap address: 0x0000000085000000, size: 1968 MB, Compressed Oops mode: 32-bit
Narrow klass base: 0x0000000800000000, Narrow klass shift: 3
Compressed class space size: 1073741824 Address: 0x0000000800aed000

Heap:
 garbage-first heap   total 129024K, used 15101K [0x0000000085000000, 0x0000000100000000)
  region size 1024K, 16 young (16384K), 2 survivors (2048K)
 Metaspace       used 4476K, capacity 6329K, committed 6656K, reserved 1056768K
  class space    used 469K, capacity 680K, committed 768K, reserved 1048576K
Heap Regions: E=young(eden), S=young(survivor), O=old, HS=humongous(starts), HC=humongous(continues), CS=collection set, F=free, A=archive, TAMS=top-at-mark-start (previous, next)
|   0|0x0000000085000000, 0x0000000085000000, 0x0000000085100000|  0%| F|  |TAMS 0x0000000085000000, 0x0000000085000000| Untracked 
|   1|0x0000000085100000, 0x0000000085100000, 0x0000000085200000|  0%| F|  |TAMS 0x0000000085100000, 0x0000000085100000| Untracked 
|   2|0x0000000085200000, 0x0000000085200000, 0x0000000085300000|  0%| F|  |TAMS 0x0000000085200000, 0x0000000085200000| Untracked 
|   3|0x0000000085300000, 0x0000000085300000, 0x0000000085400000|  0%| F|  |TAMS 0x0000000085300000, 0x0000000085300000| Untracked 
|   4|0x0000000085400000, 0x0000000085400000, 0x0000000085500000|  0%| F|  |TAMS 0x0000000085400000, 0x0000000085400000| Untracked 
|   5|0x0000000085500000, 0x0000000085500000, 0x0000000085600000|  0%| F|  |TAMS 0x0000000085500000, 0x0000000085500000| Untracked 
|   6|0x0000000085600000, 0x0000000085600000, 0x0000000085700000|  0%| F|  |TAMS 0x0000000085600000, 0x0000000085600000| Untracked 
|   7|0x0000000085700000, 0x0000000085700000, 0x0000000085800000|  0%| F|  |TAMS 0x0000000085700000, 0x0000000085700000| Untracked 
|   8|0x0000000085800000, 0x0000000085800000, 0x0000000085900000|  0%| F|  |TAMS 0x0000000085800000, 0x0000000085800000| Untracked 
|   9|0x0000000085900000, 0x0000000085900000, 0x0000000085a00000|  0%| F|  |TAMS 0x0000000085900000, 0x0000000085900000| Untracked 
|  10|0x0000000085a00000, 0x0000000085a00000, 0x0000000085b00000|  0%| F|  |TAMS 0x0000000085a00000, 0x0000000085a00000| Untracked 
|  11|0x0000000085b00000, 0x0000000085b00000, 0x0000000085c00000|  0%| F|  |TAMS 0x0000000085b00000, 0x0000000085b00000| Untracked 
|  12|0x0000000085c00000, 0x0000000085c00000, 0x0000000085d00000|  0%| F|  |TAMS 0x0000000085c00000, 0x0000000085c00000| Untracked 
|  13|0x0000000085d00000, 0x0000000085d00000, 0x0000000085e00000|  0%| F|  |TAMS 0x0000000085d00000, 0x0000000085d00000| Untracked 
|  14|0x0000000085e00000, 0x0000000085e00000, 0x0000000085f00000|  0%| F|  |TAMS 0x0000000085e00000, 0x0000000085e00000| Untracked 
|  15|0x0000000085f00000, 0x0000000085f00000, 0x0000000086000000|  0%| F|  |TAMS 0x0000000085f00000, 0x0000000085f00000| Untracked 
|  16|0x0000000086000000, 0x0000000086000000, 0x0000000086100000|  0%| F|  |TAMS 0x0000000086000000, 0x0000000086000000| Untracked 
|  17|0x0000000086100000, 0x0000000086100000, 0x0000000086200000|  0%| F|  |TAMS 0x0000000086100000, 0x0000000086100000| Untracked 
|  18|0x0000000086200000, 0x0000000086200000, 0x0000000086300000|  0%| F|  |TAMS 0x0000000086200000, 0x0000000086200000| Untracked 
|  19|0x0000000086300000, 0x0000000086300000, 0x0000000086400000|  0%| F|  |TAMS 0x0000000086300000, 0x0000000086300000| Untracked 
|  20|0x0000000086400000, 0x0000000086400000, 0x0000000086500000|  0%| F|  |TAMS 0x0000000086400000, 0x0000000086400000| Untracked 
|  21|0x0000000086500000, 0x0000000086500000, 0x0000000086600000|  0%| F|  |TAMS 0x0000000086500000, 0x0000000086500000| Untracked 
|  22|0x0000000086600000, 0x0000000086600000, 0x0000000086700000|  0%| F|  |TAMS 0x0000000086600000, 0x0000000086600000| Untracked 
|  23|0x0000000086700000, 0x0000000086700000, 0x0000000086800000|  0%| F|  |TAMS 0x0000000086700000, 0x0000000086700000| Untracked 
|  24|0x0000000086800000, 0x0000000086800000, 0x0000000086900000|  0%| F|  |TAMS 0x0000000086800000, 0x0000000086800000| Untracked 
|  25|0x0000000086900000, 0x0000000086900000, 0x0000000086a00000|  0%| F|  |TAMS 0x0000000086900000, 0x0000000086900000| Untracked 
|  26|0x0000000086a00000, 0x0000000086a00000, 0x0000000086b00000|  0%| F|  |TAMS 0x0000000086a00000, 0x0000000086a00000| Untracked 
|  27|0x0000000086b00000, 0x0000000086b00000, 0x0000000086c00000|  0%| F|  |TAMS 0x0000000086b00000, 0x0000000086b00000| Untracked 
|  28|0x0000000086c00000, 0x0000000086c00000, 0x0000000086d00000|  0%| F|  |TAMS 0x0000000086c00000, 0x0000000086c00000| Untracked 
|  29|0x0000000086d00000, 0x0000000086d00000, 0x0000000086e00000|  0%| F|  |TAMS 0x0000000086d00000, 0x0000000086d00000| Untracked 
|  30|0x0000000086e00000, 0x0000000086e00000, 0x0000000086f00000|  0%| F|  |TAMS 0x0000000086e00000, 0x0000000086e00000| Untracked 
|  31|0x0000000086f00000, 0x0000000086f00000, 0x0000000087000000|  0%| F|  |TAMS 0x0000000086f00000, 0x0000000086f00000| Untracked 
|  32|0x0000000087000000, 0x0000000087000000, 0x0000000087100000|  0%| F|  |TAMS 0x0000000087000000, 0x0000000087000000| Untracked 
|  33|0x0000000087100000, 0x0000000087100000, 0x0000000087200000|  0%| F|  |TAMS 0x0000000087100000, 0x0000000087100000| Untracked 
|  34|0x0000000087200000, 0x0000000087200000, 0x0000000087300000|  0%| F|  |TAMS 0x0000000087200000, 0x0000000087200000| Untracked 
|  35|0x0000000087300000, 0x0000000087300000, 0x0000000087400000|  0%| F|  |TAMS 0x0000000087300000, 0x0000000087300000| Untracked 
|  36|0x0000000087400000, 0x0000000087400000, 0x0000000087500000|  0%| F|  |TAMS 0x0000000087400000, 0x0000000087400000| Untracked 
|  37|0x0000000087500000, 0x0000000087500000, 0x0000000087600000|  0%| F|  |TAMS 0x0000000087500000, 0x0000000087500000| Untracked 
|  38|0x0000000087600000, 0x0000000087600000, 0x0000000087700000|  0%| F|  |TAMS 0x0000000087600000, 0x0000000087600000| Untracked 
|  39|0x0000000087700000, 0x0000000087700000, 0x0000000087800000|  0%| F|  |TAMS 0x0000000087700000, 0x0000000087700000| Untracked 
|  40|0x0000000087800000, 0x0000000087800000, 0x0000000087900000|  0%| F|  |TAMS 0x0000000087800000, 0x0000000087800000| Untracked 
|  41|0x0000000087900000, 0x0000000087900000, 0x0000000087a00000|  0%| F|  |TAMS 0x0000000087900000, 0x0000000087900000| Untracked 
|  42|0x0000000087a00000, 0x0000000087a00000, 0x0000000087b00000|  0%| F|  |TAMS 0x0000000087a00000, 0x0000000087a00000| Untracked 
|  43|0x0000000087b00000, 0x0000000087b00000, 0x0000000087c00000|  0%| F|  |TAMS 0x0000000087b00000, 0x0000000087b00000| Untracked 
|  44|0x0000000087c00000, 0x0000000087c00000, 0x0000000087d00000|  0%| F|  |TAMS 0x0000000087c00000, 0x0000000087c00000| Untracked 
|  45|0x0000000087d00000, 0x0000000087d00000, 0x0000000087e00000|  0%| F|  |TAMS 0x0000000087d00000, 0x0000000087d00000| Untracked 
|  46|0x0000000087e00000, 0x0000000087e00000, 0x0000000087f00000|  0%| F|  |TAMS 0x0000000087e00000, 0x0000000087e00000| Untracked 
|  47|0x0000000087f00000, 0x0000000087f00000, 0x0000000088000000|  0%| F|  |TAMS 0x0000000087f00000, 0x0000000087f00000| Untracked 
|  48|0x0000000088000000, 0x0000000088000000, 0x0000000088100000|  0%| F|  |TAMS 0x0000000088000000, 0x0000000088000000| Untracked 
|  49|0x0000000088100000, 0x0000000088100000, 0x0000000088200000|  0%| F|  |TAMS 0x0000000088100000, 0x0000000088100000| Untracked 
|  50|0x0000000088200000, 0x0000000088200000, 0x0000000088300000|  0%| F|  |TAMS 0x0000000088200000, 0x0000000088200000| Untracked 
|  51|0x0000000088300000, 0x0000000088300000, 0x0000000088400000|  0%| F|  |TAMS 0x0000000088300000, 0x0000000088300000| Untracked 
|  52|0x0000000088400000, 0x0000000088400000, 0x0000000088500000|  0%| F|  |TAMS 0x0000000088400000, 0x0000000088400000| Untracked 
|  53|0x0000000088500000, 0x0000000088500000, 0x0000000088600000|  0%| F|  |TAMS 0x0000000088500000, 0x0000000088500000| Untracked 
|  54|0x0000000088600000, 0x0000000088600000, 0x0000000088700000|  0%| F|  |TAMS 0x0000000088600000, 0x0000000088600000| Untracked 
|  55|0x0000000088700000, 0x0000000088700000, 0x0000000088800000|  0%| F|  |TAMS 0x0000000088700000, 0x0000000088700000| Untracked 
|  56|0x0000000088800000, 0x0000000088800000, 0x0000000088900000|  0%| F|  |TAMS 0x0000000088800000, 0x0000000088800000| Untracked 
|  57|0x0000000088900000, 0x0000000088900000, 0x0000000088a00000|  0%| F|  |TAMS 0x0000000088900000, 0x0000000088900000| Untracked 
|  58|0x0000000088a00000, 0x0000000088a00000, 0x0000000088b00000|  0%| F|  |TAMS 0x0000000088a00000, 0x0000000088a00000| Untracked 
|  59|0x0000000088b00000, 0x0000000088b00000, 0x0000000088c00000|  0%| F|  |TAMS 0x0000000088b00000, 0x0000000088b00000| Untracked 
|  60|0x0000000088c00000, 0x0000000088c00000, 0x0000000088d00000|  0%| F|  |TAMS 0x0000000088c00000, 0x0000000088c00000| Untracked 
|  61|0x0000000088d00000, 0x0000000088d00000, 0x0000000088e00000|  0%| F|  |TAMS 0x0000000088d00000, 0x0000000088d00000| Untracked 
|  62|0x0000000088e00000, 0x0000000088e00000, 0x0000000088f00000|  0%| F|  |TAMS 0x0000000088e00000, 0x0000000088e00000| Untracked 
|  63|0x0000000088f00000, 0x0000000088f00000, 0x0000000089000000|  0%| F|  |TAMS 0x0000000088f00000, 0x0000000088f00000| Untracked 
|  64|0x0000000089000000, 0x0000000089000000, 0x0000000089100000|  0%| F|  |TAMS 0x0000000089000000, 0x0000000089000000| Untracked 
|  65|0x0000000089100000, 0x0000000089100000, 0x0000000089200000|  0%| F|  |TAMS 0x0000000089100000, 0x0000000089100000| Untracked 
|  66|0x0000000089200000, 0x0000000089200000, 0x0000000089300000|  0%| F|  |TAMS 0x0000000089200000, 0x0000000089200000| Untracked 
|  67|0x0000000089300000, 0x0000000089300000, 0x0000000089400000|  0%| F|  |TAMS 0x0000000089300000, 0x0000000089300000| Untracked 
|  68|0x0000000089400000, 0x0000000089400000, 0x0000000089500000|  0%| F|  |TAMS 0x0000000089400000, 0x0000000089400000| Untracked 
|  69|0x0000000089500000, 0x0000000089500000, 0x0000000089600000|  0%| F|  |TAMS 0x0000000089500000, 0x0000000089500000| Untracked 
|  70|0x0000000089600000, 0x0000000089600000, 0x0000000089700000|  0%| F|  |TAMS 0x0000000089600000, 0x0000000089600000| Untracked 
|  71|0x0000000089700000, 0x0000000089700000, 0x0000000089800000|  0%| F|  |TAMS 0x0000000089700000, 0x0000000089700000| Untracked 
|  72|0x0000000089800000, 0x0000000089800000, 0x0000000089900000|  0%| F|  |TAMS 0x0000000089800000, 0x0000000089800000| Untracked 
|  73|0x0000000089900000, 0x0000000089900000, 0x0000000089a00000|  0%| F|  |TAMS 0x0000000089900000, 0x0000000089900000| Untracked 
|  74|0x0000000089a00000, 0x0000000089a00000, 0x0000000089b00000|  0%| F|  |TAMS 0x0000000089a00000, 0x0000000089a00000| Untracked 
|  75|0x0000000089b00000, 0x0000000089b00000, 0x0000000089c00000|  0%| F|  |TAMS 0x0000000089b00000, 0x0000000089b00000| Untracked 
|  76|0x0000000089c00000, 0x0000000089c00000, 0x0000000089d00000|  0%| F|  |TAMS 0x0000000089c00000, 0x0000000089c00000| Untracked 
|  77|0x0000000089d00000, 0x0000000089d00000, 0x0000000089e00000|  0%| F|  |TAMS 0x0000000089d00000, 0x0000000089d00000| Untracked 
|  78|0x0000000089e00000, 0x0000000089e00000, 0x0000000089f00000|  0%| F|  |TAMS 0x0000000089e00000, 0x0000000089e00000| Untracked 
|  79|0x0000000089f00000, 0x0000000089f00000, 0x000000008a000000|  0%| F|  |TAMS 0x0000000089f00000, 0x0000000089f00000| Untracked 
|  80|0x000000008a000000, 0x000000008a000000, 0x000000008a100000|  0%| F|  |TAMS 0x000000008a000000, 0x000000008a000000| Untracked 
|  81|0x000000008a100000, 0x000000008a100000, 0x000000008a200000|  0%| F|  |TAMS 0x000000008a100000, 0x000000008a100000| Untracked 
|  82|0x000000008a200000, 0x000000008a200000, 0x000000008a300000|  0%| F|  |TAMS 0x000000008a200000, 0x000000008a200000| Untracked 
|  83|0x000000008a300000, 0x000000008a300000, 0x000000008a400000|  0%| F|  |TAMS 0x000000008a300000, 0x000000008a300000| Untracked 
|  84|0x000000008a400000, 0x000000008a400000, 0x000000008a500000|  0%| F|  |TAMS 0x000000008a400000, 0x000000008a400000| Untracked 
|  85|0x000000008a500000, 0x000000008a500000, 0x000000008a600000|  0%| F|  |TAMS 0x000000008a500000, 0x000000008a500000| Untracked 
|  86|0x000000008a600000, 0x000000008a600000, 0x000000008a700000|  0%| F|  |TAMS 0x000000008a600000, 0x000000008a600000| Untracked 
|  87|0x000000008a700000, 0x000000008a700000, 0x000000008a800000|  0%| F|  |TAMS 0x000000008a700000, 0x000000008a700000| Untracked 
|  88|0x000000008a800000, 0x000000008a800000, 0x000000008a900000|  0%| F|  |TAMS 0x000000008a800000, 0x000000008a800000| Untracked 
|  89|0x000000008a900000, 0x000000008a900000, 0x000000008aa00000|  0%| F|  |TAMS 0x000000008a900000, 0x000000008a900000| Untracked 
|  90|0x000000008aa00000, 0x000000008aa00000, 0x000000008ab00000|  0%| F|  |TAMS 0x000000008aa00000, 0x000000008aa00000| Untracked 
|  91|0x000000008ab00000, 0x000000008ab00000, 0x000000008ac00000|  0%| F|  |TAMS 0x000000008ab00000, 0x000000008ab00000| Untracked 
|  92|0x000000008ac00000, 0x000000008ac00000, 0x000000008ad00000|  0%| F|  |TAMS 0x000000008ac00000, 0x000000008ac00000| Untracked 
|  93|0x000000008ad00000, 0x000000008ad00000, 0x000000008ae00000|  0%| F|  |TAMS 0x000000008ad00000, 0x000000008ad00000| Untracked 
|  94|0x000000008ae00000, 0x000000008ae00000, 0x000000008af00000|  0%| F|  |TAMS 0x000000008ae00000, 0x000000008ae00000| Untracked 
|  95|0x000000008af00000, 0x000000008af00000, 0x000000008b000000|  0%| F|  |TAMS 0x000000008af00000, 0x000000008af00000| Untracked 
|  96|0x000000008b000000, 0x000000008b000000, 0x000000008b100000|  0%| F|  |TAMS 0x000000008b000000, 0x000000008b000000| Untracked 
|  97|0x000000008b100000, 0x000000008b100000, 0x000000008b200000|  0%| F|  |TAMS 0x000000008b100000, 0x000000008b100000| Untracked 
|  98|0x000000008b200000, 0x000000008b200000, 0x000000008b300000|  0%| F|  |TAMS 0x000000008b200000, 0x000000008b200000| Untracked 
|  99|0x000000008b300000, 0x000000008b300000, 0x000000008b400000|  0%| F|  |TAMS 0x000000008b300000, 0x000000008b300000| Untracked 
| 100|0x000000008b400000, 0x000000008b400000, 0x000000008b500000|  0%| F|  |TAMS 0x000000008b400000, 0x000000008b400000| Untracked 
| 101|0x000000008b500000, 0x000000008b500000, 0x000000008b600000|  0%| F|  |TAMS 0x000000008b500000, 0x000000008b500000| Untracked 
| 102|0x000000008b600000, 0x000000008b600000, 0x000000008b700000|  0%| F|  |TAMS 0x000000008b600000, 0x000000008b600000| Untracked 
| 103|0x000000008b700000, 0x000000008b700000, 0x000000008b800000|  0%| F|  |TAMS 0x000000008b700000, 0x000000008b700000| Untracked 
| 104|0x000000008b800000, 0x000000008b800000, 0x000000008b900000|  0%| F|  |TAMS 0x000000008b800000, 0x000000008b800000| Untracked 
| 105|0x000000008b900000, 0x000000008b900000, 0x000000008ba00000|  0%| F|  |TAMS 0x000000008b900000, 0x000000008b900000| Untracked 
| 106|0x000000008ba00000, 0x000000008ba00000, 0x000000008bb00000|  0%| F|  |TAMS 0x000000008ba00000, 0x000000008ba00000| Untracked 
| 107|0x000000008bb00000, 0x000000008bb00000, 0x000000008bc00000|  0%| F|  |TAMS 0x000000008bb00000, 0x000000008bb00000| Untracked 
| 108|0x000000008bc00000, 0x000000008bccff40, 0x000000008bd00000| 81%| S|  |TAMS 0x000000008bc00000, 0x000000008bc00000| Complete 
| 109|0x000000008bd00000, 0x000000008be00000, 0x000000008be00000|100%| S|  |TAMS 0x000000008bd00000, 0x000000008bd00000| Complete 
| 110|0x000000008be00000, 0x000000008befd670, 0x000000008bf00000| 98%| E|CS|TAMS 0x000000008be00000, 0x000000008be00000| Complete 
| 111|0x000000008bf00000, 0x000000008c000000, 0x000000008c000000|100%| E|CS|TAMS 0x000000008bf00000, 0x000000008bf00000| Complete 
| 112|0x000000008c000000, 0x000000008c100000, 0x000000008c100000|100%| E|CS|TAMS 0x000000008c000000, 0x000000008c000000| Complete 
| 113|0x000000008c100000, 0x000000008c200000, 0x000000008c200000|100%| E|CS|TAMS 0x000000008c100000, 0x000000008c100000| Complete 
| 114|0x000000008c200000, 0x000000008c300000, 0x000000008c300000|100%| E|CS|TAMS 0x000000008c200000, 0x000000008c200000| Complete 
| 115|0x000000008c300000, 0x000000008c400000, 0x000000008c400000|100%| E|CS|TAMS 0x000000008c300000, 0x000000008c300000| Complete 
| 116|0x000000008c400000, 0x000000008c500000, 0x000000008c500000|100%| E|CS|TAMS 0x000000008c400000, 0x000000008c400000| Complete 
| 117|0x000000008c500000, 0x000000008c600000, 0x000000008c600000|100%| E|CS|TAMS 0x000000008c500000, 0x000000008c500000| Complete 
| 118|0x000000008c600000, 0x000000008c700000, 0x000000008c700000|100%| E|CS|TAMS 0x000000008c600000, 0x000000008c600000| Complete 
| 119|0x000000008c700000, 0x000000008c800000, 0x000000008c800000|100%| E|CS|TAMS 0x000000008c700000, 0x000000008c700000| Complete 
| 120|0x000000008c800000, 0x000000008c900000, 0x000000008c900000|100%| E|CS|TAMS 0x000000008c800000, 0x000000008c800000| Complete 
| 121|0x000000008c900000, 0x000000008ca00000, 0x000000008ca00000|100%| E|CS|TAMS 0x000000008c900000, 0x000000008c900000| Complete 
| 122|0x000000008ca00000, 0x000000008cb00000, 0x000000008cb00000|100%| E|CS|TAMS 0x000000008ca00000, 0x000000008ca00000| Complete 
| 123|0x000000008cb00000, 0x000000008cc00000, 0x000000008cc00000|100%| E|CS|TAMS 0x000000008cb00000, 0x000000008cb00000| Complete 
|1966|0x00000000ffe00000, 0x00000000ffe48000, 0x00000000fff00000| 28%|OA|  |TAMS 0x00000000ffe00000, 0x00000000ffe00000| Untracked 
|1967|0x00000000fff00000, 0x00000000fff7a000, 0x0000000100000000| 47%|CA|  |TAMS 0x00000000fff00000, 0x00000000fff00000| Untracked 

Card table byte_map: [0x00007f5b16629000,0x00007f5b16a01000] _byte_map_base: 0x00007f5b16201000

Marking Bits (Prev, Next): (CMBitMap*) 0x00007f5b1006e8e8, (CMBitMap*) 0x00007f5b1006e928
 Prev Bits: [0x00007f5b14391000, 0x00007f5b16251000)
 Next Bits: [0x00007f5af6bac000, 0x00007f5af8a6c000)

Polling page: 0x00007f5b1a01e000

Metaspace:

Usage:
  Non-class:      5.52 MB capacity,     3.91 MB ( 71%) used,     1.60 MB ( 29%) free+waste,     5.44 KB ( <1%) overhead. 
      Class:    680.00 KB capacity,   469.48 KB ( 69%) used,   207.71 KB ( 31%) free+waste,     2.81 KB ( <1%) overhead. 
       Both:      6.18 MB capacity,     4.37 MB ( 71%) used,     1.80 MB ( 29%) free+waste,     8.25 KB ( <1%) overhead. 

Virtual space:
  Non-class space:        8.00 MB reserved,       5.75 MB ( 72%) committed 
      Class space:        1.00 GB reserved,     768.00 KB ( <1%) committed 
             Both:        1.01 GB reserved,       6.50 MB ( <1%) committed 

Chunk freelists:
   Non-Class:  47.00 KB
       Class:  4.00 KB
        Both:  51.00 KB

MaxMetaspaceSize: unlimited
CompressedClassSpaceSize: 1.00 GB

CodeHeap 'non-profiled nmethods': size=120032Kb used=222Kb max_used=222Kb free=119810Kb
 bounds [0x00007f5b00534000, 0x00007f5b007a4000, 0x00007f5b07a6c000]
CodeHeap 'profiled nmethods': size=120028Kb used=1264Kb max_used=1264Kb free=118763Kb
 bounds [0x00007f5af8ffd000, 0x00007f5af926d000, 0x00007f5b00534000]
CodeHeap 'non-nmethods': size=5700Kb used=1202Kb max_used=1218Kb free=4497Kb
 bounds [0x00007f5af8a6c000, 0x00007f5af8cdc000, 0x00007f5af8ffd000]
 total_blobs=1171 nmethods=637 adapters=294
 compilation: enabled
              stopped_count=0, restarted_count=0
 full_count=0

Compilation events (20 events):
Event: 99.495 Thread 0x00007f5b1013a800  628  s    3       java.util.Properties::put (10 bytes)
Event: 99.495 Thread 0x00007f5b1013a800 nmethod 628 0x00007f5af9135790 code [0x00007f5af9135940, 0x00007f5af9135d28]
Event: 99.495 Thread 0x00007f5b1013a800  629       3       java.util.HashMap$HashIterator::hasNext (13 bytes)
Event: 99.495 Thread 0x00007f5b1013a800 nmethod 629 0x00007f5af9135e90 code [0x00007f5af9136020, 0x00007f5af91361f0]
Event: 99.495 Thread 0x00007f5b1013a800  631       3       java.lang.reflect.Array::newInstance (6 bytes)
Event: 99.495 Thread 0x00007f5b1013a800 nmethod 631 0x00007f5af9136290 code [0x00007f5af9136440, 0x00007f5af91365c8]
Event: 99.495 Thread 0x00007f5b1013a800  630       3       java.lang.Class::getComponentType (14 bytes)
Event: 99.495 Thread 0x00007f5b1013a800 nmethod 630 0x00007f5af9136690 code [0x00007f5af9136840, 0x00007f5af9136a48]
Event: 99.495 Thread 0x00007f5b1013a800  632       1       choco.kernel.model.variables.integer.IntegerExpressionVariable::getUppB (5 bytes)
Event: 99.496 Thread 0x00007f5b1013a800 nmethod 632 0x00007f5b0056a910 code [0x00007f5b0056aaa0, 0x00007f5b0056abd0]
Event: 99.496 Thread 0x00007f5b1013a800  633       1       choco.kernel.model.constraints.ComponentConstraint::getVariables (5 bytes)
Event: 99.496 Thread 0x00007f5b1013a800 nmethod 633 0x00007f5b0056ac90 code [0x00007f5b0056ae20, 0x00007f5b0056af50]
Event: 99.496 Thread 0x00007f5b10138800  634   !   4       java.net.URL::<init> (543 bytes)
Event: 99.497 Thread 0x00007f5b1013a800  636       3       sun.net.www.protocol.jar.Handler::parseURL (212 bytes)
Event: 99.499 Thread 0x00007f5b1013a800 nmethod 636 0x00007f5af9136b10 code [0x00007f5af9136ea0, 0x00007f5af9138328]
Event: 99.499 Thread 0x00007f5b1013a800  640       1       choco.cp.solver.variables.integer.BooleanDomain::getValueIfInst (5 bytes)
Event: 99.499 Thread 0x00007f5b1013a800 nmethod 640 0x00007f5b0056b490 code [0x00007f5b0056b620, 0x00007f5b0056b750]
Event: 99.499 Thread 0x00007f5b1013a800  642       3       jdk.internal.reflect.ClassFileAssembler::emitShort (24 bytes)
Event: 99.499 Thread 0x00007f5b1013a800 nmethod 642 0x00007f5af9138c90 code [0x00007f5af9138e60, 0x00007f5af91391f8]
Event: 99.499 Thread 0x00007f5b1013a800  637       3       sun.net.www.protocol.jar.Handler::parseContextSpec (150 bytes)

GC Heap History (1 events):
Event: 99.502 GC heap before
{Heap before GC invocations=0 (full 0):
 garbage-first heap   total 129024K, used 14088K [0x0000000085000000, 0x0000000100000000)
  region size 1024K, 14 young (14336K), 0 survivors (0K)
 Metaspace       used 4476K, capacity 6329K, committed 6656K, reserved 1056768K
  class space    used 469K, capacity 680K, committed 768K, reserved 1048576K
}

Deoptimization events (20 events):
Event: 99.381 Thread 0x00007f5b1001a000 DEOPT PACKING pc=0x00007f5af90e2f72 sp=0x00007f5b1a0009c0
Event: 99.381 Thread 0x00007f5b1001a000 DEOPT UNPACKING pc=0x00007f5af8ab533a sp=0x00007f5b19fffe40 mode 0
Event: 99.381 Thread 0x00007f5b1001a000 DEOPT PACKING pc=0x00007f5af90c175e sp=0x00007f5b1a000f70
Event: 99.381 Thread 0x00007f5b1001a000 DEOPT UNPACKING pc=0x00007f5af8ab533a sp=0x00007f5b1a0003f8 mode 0
Event: 99.383 Thread 0x00007f5b1001a000 DEOPT PACKING pc=0x00007f5af90e2f72 sp=0x00007f5b1a0011a0
Event: 99.383 Thread 0x00007f5b1001a000 DEOPT UNPACKING pc=0x00007f5af8ab533a sp=0x00007f5b1a000620 mode 0
Event: 99.386 Thread 0x00007f5b1001a000 DEOPT PACKING pc=0x00007f5af90e2f72 sp=0x00007f5b19fff0b0
Event: 99.386 Thread 0x00007f5b1001a000 DEOPT UNPACKING pc=0x00007f5af8ab533a sp=0x00007f5b19ffe530 mode 0
Event: 99.387 Thread 0x00007f5b1001a000 DEOPT PACKING pc=0x00007f5af90e2f72 sp=0x00007f5b1a0007b0
Event: 99.387 Thread 0x00007f5b1001a000 DEOPT UNPACKING pc=0x00007f5af8ab533a sp=0x00007f5b19fffc30 mode 0
Event: 99.389 Thread 0x00007f5b1001a000 DEOPT PACKING pc=0x00007f5af90e2f72 sp=0x00007f5b1a003b10
Event: 99.389 Thread 0x00007f5b1001a000 DEOPT UNPACKING pc=0x00007f5af8ab533a sp=0x00007f5b1a002f90 mode 0
Event: 99.392 Thread 0x00007f5b1001a000 DEOPT PACKING pc=0x00007f5af90e2f72 sp=0x00007f5b1a0026b0
Event: 99.392 Thread 0x00007f5b1001a000 DEOPT UNPACKING pc=0x00007f5af8ab533a sp=0x00007f5b1a001b30 mode 0
Event: 99.394 Thread 0x00007f5b1001a000 DEOPT PACKING pc=0x00007f5af90e2f72 sp=0x00007f5b1a003f60
Event: 99.394 Thread 0x00007f5b1001a000 DEOPT UNPACKING pc=0x00007f5af8ab533a sp=0x00007f5b1a0033e0 mode 0
Event: 99.394 Thread 0x00007f5b1001a000 DEOPT PACKING pc=0x00007f5af90db66a sp=0x00007f5b1a004620
Event: 99.394 Thread 0x00007f5b1001a000 DEOPT UNPACKING pc=0x00007f5af8ab533a sp=0x00007f5b1a003ac8 mode 0
Event: 99.419 Thread 0x00007f5b1001a000 DEOPT PACKING pc=0x00007f5af9024423 sp=0x00007f5b1a001120
Event: 99.419 Thread 0x00007f5b1001a000 DEOPT UNPACKING pc=0x00007f5af8ab533a sp=0x00007f5b1a000628 mode 0

Classes unloaded (0 events):
No events

Classes redefined (2 events):
Event: 3.122 Thread 0x00007f5b1012b800 redefined class name=main.listaExperimentos, count=1
Event: 94.259 Thread 0x00007f5b1012b800 redefined class name=main.listaExperimentos, count=2

Internal exceptions (0 events):
No events

Events (20 events):
Event: 99.490 loading class choco/cp/solver/search/integer/branching/DomOverWDegBranching$DomOverWDegBranchingVarExtension done
Event: 99.491 loading class choco/kernel/solver/search/IntBranchingTrace
Event: 99.491 loading class choco/kernel/solver/search/IntBranchingTrace done
Event: 99.491 loading class choco/kernel/memory/PartiallyStoredIntVector$1
Event: 99.491 loading class choco/kernel/memory/PartiallyStoredIntVector$1 done
Event: 99.492 loading class choco/kernel/solver/variables/AbstractVar$1
Event: 99.492 loading class choco/kernel/solver/variables/AbstractVar$1 done
Event: 99.492 loading class choco/kernel/solver/constraints/SConstraintType
Event: 99.492 loading class choco/kernel/solver/constraints/SConstraintType done
Event: 99.493 loading class choco/kernel/solver/Solution
Event: 99.493 loading class choco/kernel/solver/Solution done
Event: 99.493 loading class choco/kernel/solver/StoredLimit
Event: 99.493 loading class choco/kernel/solver/StoredLimit done
Event: 99.496 loading class choco/cp/model/managers/constraints/EqManager$1
Event: 99.496 loading class choco/cp/model/managers/constraints/EqManager$1 done
Event: 99.497 loading class choco/cp/solver/constraints/integer/EqualXC
Event: 99.497 loading class choco/cp/solver/constraints/integer/EqualXC done
Event: 99.497 loading class choco/kernel/solver/constraints/integer/AbstractUnIntSConstraint
Event: 99.497 loading class choco/kernel/solver/constraints/integer/AbstractUnIntSConstraint done
Event: 99.502 Executing VM operation: G1CollectForAllocation


Dynamic libraries:
00400000-00401000 r-xp 00000000 08:05 3412827                            /usr/lib/jvm/java-13-oracle/bin/java
00401000-00402000 r--p 00000000 08:05 3412827                            /usr/lib/jvm/java-13-oracle/bin/java
00402000-00403000 rw-p 00001000 08:05 3412827                            /usr/lib/jvm/java-13-oracle/bin/java
0228e000-022af000 rw-p 00000000 00:00 0                                  [heap]
85000000-8cc00000 rw-p 00000000 00:00 0 
8cc00000-ffe00000 ---p 00000000 00:00 0 
ffe00000-ffe48000 rw-p 00b68000 08:05 3413256                            /usr/lib/jvm/java-13-oracle/lib/server/classes.jsa
ffe48000-fff00000 rw-p 00000000 00:00 0 
fff00000-fff7a000 rw-p 00aee000 08:05 3413256                            /usr/lib/jvm/java-13-oracle/lib/server/classes.jsa
fff7a000-100000000 rw-p 00000000 00:00 0 
800000000-800003000 rwxp 00001000 08:05 3413256                          /usr/lib/jvm/java-13-oracle/lib/server/classes.jsa
800003000-8003d8000 rw-p 00004000 08:05 3413256                          /usr/lib/jvm/java-13-oracle/lib/server/classes.jsa
8003d8000-800aec000 rw-p 003d9000 08:05 3413256                          /usr/lib/jvm/java-13-oracle/lib/server/classes.jsa
800aec000-800aed000 rw-p 00aed000 08:05 3413256                          /usr/lib/jvm/java-13-oracle/lib/server/classes.jsa
800aed000-800bad000 rw-p 00000000 00:00 0 
800bad000-840aed000 ---p 00000000 00:00 0 
7f5aa0000000-7f5aa0021000 rw-p 00000000 00:00 0 
7f5aa0021000-7f5aa4000000 ---p 00000000 00:00 0 
7f5aa4000000-7f5aa4021000 rw-p 00000000 00:00 0 
7f5aa4021000-7f5aa8000000 ---p 00000000 00:00 0 
7f5aa8000000-7f5aa8021000 rw-p 00000000 00:00 0 
7f5aa8021000-7f5aac000000 ---p 00000000 00:00 0 
7f5aac000000-7f5aac021000 rw-p 00000000 00:00 0 
7f5aac021000-7f5ab0000000 ---p 00000000 00:00 0 
7f5ab0000000-7f5ab0021000 rw-p 00000000 00:00 0 
7f5ab0021000-7f5ab4000000 ---p 00000000 00:00 0 
7f5ab4000000-7f5ab4021000 rw-p 00000000 00:00 0 
7f5ab4021000-7f5ab8000000 ---p 00000000 00:00 0 
7f5ab8000000-7f5ab8021000 rw-p 00000000 00:00 0 
7f5ab8021000-7f5abc000000 ---p 00000000 00:00 0 
7f5abc000000-7f5abc021000 rw-p 00000000 00:00 0 
7f5abc021000-7f5ac0000000 ---p 00000000 00:00 0 
7f5ac0000000-7f5ac03c1000 rw-p 00000000 00:00 0 
7f5ac03c1000-7f5ac4000000 ---p 00000000 00:00 0 
7f5ac4000000-7f5ac4021000 rw-p 00000000 00:00 0 
7f5ac4021000-7f5ac8000000 ---p 00000000 00:00 0 
7f5ac8000000-7f5ac8021000 rw-p 00000000 00:00 0 
7f5ac8021000-7f5acc000000 ---p 00000000 00:00 0 
7f5acc000000-7f5acc2ae000 rw-p 00000000 00:00 0 
7f5acc2ae000-7f5ad0000000 ---p 00000000 00:00 0 
7f5ad0000000-7f5ad0021000 rw-p 00000000 00:00 0 
7f5ad0021000-7f5ad4000000 ---p 00000000 00:00 0 
7f5ad4000000-7f5ad4021000 rw-p 00000000 00:00 0 
7f5ad4021000-7f5ad8000000 ---p 00000000 00:00 0 
7f5ad8000000-7f5ad8021000 rw-p 00000000 00:00 0 
7f5ad8021000-7f5adc000000 ---p 00000000 00:00 0 
7f5addf5e000-7f5ade323000 rw-p 00000000 00:00 0 
7f5ade323000-7f5ade324000 ---p 00000000 00:00 0 
7f5ade324000-7f5ade425000 rw-p 00000000 00:00 0 
7f5ade425000-7f5ade426000 ---p 00000000 00:00 0 
7f5ade426000-7f5ade527000 rw-p 00000000 00:00 0 
7f5ade527000-7f5ade52b000 ---p 00000000 00:00 0 
7f5ade52b000-7f5ade628000 rw-p 00000000 00:00 0 
7f5ade628000-7f5ade629000 ---p 00000000 00:00 0 
7f5ade629000-7f5ade72a000 rw-p 00000000 00:00 0 
7f5ade72a000-7f5ade72e000 ---p 00000000 00:00 0 
7f5ade72e000-7f5ade82b000 rw-p 00000000 00:00 0 
7f5ade82b000-7f5ade82f000 ---p 00000000 00:00 0 
7f5ade82f000-7f5ade92c000 rw-p 00000000 00:00 0 
7f5ade92c000-7f5ade930000 ---p 00000000 00:00 0 
7f5ade930000-7f5adea2d000 rw-p 00000000 00:00 0 
7f5adea2d000-7f5adea31000 ---p 00000000 00:00 0 
7f5adea31000-7f5adeb2e000 rw-p 00000000 00:00 0 
7f5adeb2e000-7f5adeb32000 ---p 00000000 00:00 0 
7f5adeb32000-7f5adec2f000 rw-p 00000000 00:00 0 
7f5adec2f000-7f5adec33000 ---p 00000000 00:00 0 
7f5adec33000-7f5aded30000 rw-p 00000000 00:00 0 
7f5aded30000-7f5aded34000 ---p 00000000 00:00 0 
7f5aded34000-7f5adee31000 rw-p 00000000 00:00 0 
7f5adee31000-7f5adf800000 r--p 00000000 07:00 20567                      /usr/lib/locale/locale-archive
7f5adf800000-7f5adfdc0000 rw-p 00000000 00:00 0 
7f5adfdc0000-7f5ae0000000 ---p 00000000 00:00 0 
7f5ae0000000-7f5ae0021000 rw-p 00000000 00:00 0 
7f5ae0021000-7f5ae4000000 ---p 00000000 00:00 0 
7f5ae4000000-7f5ae4021000 rw-p 00000000 00:00 0 
7f5ae4021000-7f5ae8000000 ---p 00000000 00:00 0 
7f5ae8000000-7f5ae8021000 rw-p 00000000 00:00 0 
7f5ae8021000-7f5aec000000 ---p 00000000 00:00 0 
7f5aec000000-7f5aec021000 rw-p 00000000 00:00 0 
7f5aec021000-7f5af0000000 ---p 00000000 00:00 0 
7f5af0000000-7f5af0021000 rw-p 00000000 00:00 0 
7f5af0021000-7f5af4000000 ---p 00000000 00:00 0 
7f5af403a000-7f5af406b000 rw-p 00000000 00:00 0 
7f5af406b000-7f5af4080000 r-xp 00000000 08:05 3413236                    /usr/lib/jvm/java-13-oracle/lib/libnet.so
7f5af4080000-7f5af4081000 r--p 00014000 08:05 3413236                    /usr/lib/jvm/java-13-oracle/lib/libnet.so
7f5af4081000-7f5af4082000 rw-p 00015000 08:05 3413236                    /usr/lib/jvm/java-13-oracle/lib/libnet.so
7f5af4082000-7f5af4086000 ---p 00000000 00:00 0 
7f5af4086000-7f5af4183000 rw-p 00000000 00:00 0 
7f5af4183000-7f5af4187000 ---p 00000000 00:00 0 
7f5af4187000-7f5af4284000 rw-p 00000000 00:00 0 
7f5af4284000-7f5af4288000 ---p 00000000 00:00 0 
7f5af4288000-7f5af4385000 rw-p 00000000 00:00 0 
7f5af4385000-7f5af4386000 ---p 00000000 00:00 0 
7f5af4386000-7f5af45a4000 rw-p 00000000 00:00 0 
7f5af45a4000-7f5af45a5000 ---p 00000000 00:00 0 
7f5af45a5000-7f5af46a6000 rw-p 00000000 00:00 0 
7f5af46a6000-7f5af46a7000 ---p 00000000 00:00 0 
7f5af46a7000-7f5af6d9c000 rw-p 00000000 00:00 0 
7f5af6d9c000-7f5af8a64000 ---p 00000000 00:00 0 
7f5af8a64000-7f5af8a6c000 rw-p 00000000 00:00 0 
7f5af8a6c000-7f5af8cdc000 rwxp 00000000 00:00 0 
7f5af8cdc000-7f5af8ffd000 ---p 00000000 00:00 0 
7f5af8ffd000-7f5af926d000 rwxp 00000000 00:00 0 
7f5af926d000-7f5b00534000 ---p 00000000 00:00 0 
7f5b00534000-7f5b007a4000 rwxp 00000000 00:00 0 
7f5b007a4000-7f5b07a6c000 ---p 00000000 00:00 0 
7f5b07a6c000-7f5b10000000 r--s 00000000 08:05 3413247                    /usr/lib/jvm/java-13-oracle/lib/modules
7f5b10000000-7f5b10438000 rw-p 00000000 00:00 0 
7f5b10438000-7f5b14000000 ---p 00000000 00:00 0 
7f5b14015000-7f5b14026000 r-xp 00000000 08:05 3413237                    /usr/lib/jvm/java-13-oracle/lib/libnio.so
7f5b14026000-7f5b14027000 r--p 00010000 08:05 3413237                    /usr/lib/jvm/java-13-oracle/lib/libnio.so
7f5b14027000-7f5b14028000 rw-p 00011000 08:05 3413237                    /usr/lib/jvm/java-13-oracle/lib/libnio.so
7f5b14028000-7f5b14049000 rw-p 00000000 00:00 0 
7f5b14049000-7f5b1404a000 ---p 00000000 00:00 0 
7f5b1404a000-7f5b1414b000 rw-p 00000000 00:00 0 
7f5b1414b000-7f5b1414c000 ---p 00000000 00:00 0 
7f5b1414c000-7f5b1424d000 rw-p 00000000 00:00 0 
7f5b1424d000-7f5b1424e000 ---p 00000000 00:00 0 
7f5b1424e000-7f5b14581000 rw-p 00000000 00:00 0 
7f5b14581000-7f5b16249000 ---p 00000000 00:00 0 
7f5b16249000-7f5b1628f000 rw-p 00000000 00:00 0 
7f5b1628f000-7f5b16628000 ---p 00000000 00:00 0 
7f5b16628000-7f5b16667000 rw-p 00000000 00:00 0 
7f5b16667000-7f5b16a00000 ---p 00000000 00:00 0 
7f5b16a00000-7f5b16a3f000 rw-p 00000000 00:00 0 
7f5b16a3f000-7f5b16dd8000 ---p 00000000 00:00 0 
7f5b16dd8000-7f5b171e2000 rw-p 00000000 00:00 0 
7f5b171e2000-7f5b172c8000 ---p 00000000 00:00 0 
7f5b172c8000-7f5b172cd000 rw-p 00000000 00:00 0 
7f5b172cd000-7f5b173b3000 ---p 00000000 00:00 0 
7f5b173b3000-7f5b173be000 r-xp 00000000 08:05 3408932                    /lib/x86_64-linux-gnu/libnss_files-2.27.so
7f5b173be000-7f5b175bd000 ---p 0000b000 08:05 3408932                    /lib/x86_64-linux-gnu/libnss_files-2.27.so
7f5b175bd000-7f5b175be000 r--p 0000a000 08:05 3408932                    /lib/x86_64-linux-gnu/libnss_files-2.27.so
7f5b175be000-7f5b175bf000 rw-p 0000b000 08:05 3408932                    /lib/x86_64-linux-gnu/libnss_files-2.27.so
7f5b175bf000-7f5b175c5000 rw-p 00000000 00:00 0 
7f5b175c5000-7f5b175dc000 r-xp 00000000 07:00 12855                      /lib/x86_64-linux-gnu/libnsl-2.27.so
7f5b175dc000-7f5b177db000 ---p 00017000 07:00 12855                      /lib/x86_64-linux-gnu/libnsl-2.27.so
7f5b177db000-7f5b177dc000 r--p 00016000 07:00 12855                      /lib/x86_64-linux-gnu/libnsl-2.27.so
7f5b177dc000-7f5b177dd000 rw-p 00017000 07:00 12855                      /lib/x86_64-linux-gnu/libnsl-2.27.so
7f5b177dd000-7f5b177df000 rw-p 00000000 00:00 0 
7f5b177df000-7f5b177ea000 r-xp 00000000 07:00 12872                      /lib/x86_64-linux-gnu/libnss_nis-2.27.so
7f5b177ea000-7f5b179e9000 ---p 0000b000 07:00 12872                      /lib/x86_64-linux-gnu/libnss_nis-2.27.so
7f5b179e9000-7f5b179ea000 r--p 0000a000 07:00 12872                      /lib/x86_64-linux-gnu/libnss_nis-2.27.so
7f5b179ea000-7f5b179eb000 rw-p 0000b000 07:00 12872                      /lib/x86_64-linux-gnu/libnss_nis-2.27.so
7f5b179eb000-7f5b179f3000 r-xp 00000000 07:00 12857                      /lib/x86_64-linux-gnu/libnss_compat-2.27.so
7f5b179f3000-7f5b17bf3000 ---p 00008000 07:00 12857                      /lib/x86_64-linux-gnu/libnss_compat-2.27.so
7f5b17bf3000-7f5b17bf4000 r--p 00008000 07:00 12857                      /lib/x86_64-linux-gnu/libnss_compat-2.27.so
7f5b17bf4000-7f5b17bf5000 rw-p 00009000 07:00 12857                      /lib/x86_64-linux-gnu/libnss_compat-2.27.so
7f5b17bf5000-7f5b17bfc000 r-xp 00000000 07:00 12912                      /lib/x86_64-linux-gnu/librt-2.27.so
7f5b17bfc000-7f5b17dfb000 ---p 00007000 07:00 12912                      /lib/x86_64-linux-gnu/librt-2.27.so
7f5b17dfb000-7f5b17dfc000 r--p 00006000 07:00 12912                      /lib/x86_64-linux-gnu/librt-2.27.so
7f5b17dfc000-7f5b17dfd000 rw-p 00007000 07:00 12912                      /lib/x86_64-linux-gnu/librt-2.27.so
7f5b17dfd000-7f5b17f9a000 r-xp 00000000 08:05 3408921                    /lib/x86_64-linux-gnu/libm-2.27.so
7f5b17f9a000-7f5b18199000 ---p 0019d000 08:05 3408921                    /lib/x86_64-linux-gnu/libm-2.27.so
7f5b18199000-7f5b1819a000 r--p 0019c000 08:05 3408921                    /lib/x86_64-linux-gnu/libm-2.27.so
7f5b1819a000-7f5b1819b000 rw-p 0019d000 08:05 3408921                    /lib/x86_64-linux-gnu/libm-2.27.so
7f5b1819b000-7f5b1925b000 r-xp 00000000 08:05 3413258                    /usr/lib/jvm/java-13-oracle/lib/server/libjvm.so
7f5b1925b000-7f5b1925c000 ---p 010c0000 08:05 3413258                    /usr/lib/jvm/java-13-oracle/lib/server/libjvm.so
7f5b1925c000-7f5b1931d000 r--p 010c0000 08:05 3413258                    /usr/lib/jvm/java-13-oracle/lib/server/libjvm.so
7f5b1931d000-7f5b19357000 rw-p 01181000 08:05 3413258                    /usr/lib/jvm/java-13-oracle/lib/server/libjvm.so
7f5b19357000-7f5b193d9000 rw-p 00000000 00:00 0 
7f5b193d9000-7f5b195c0000 r-xp 00000000 08:05 3408641                    /lib/x86_64-linux-gnu/libc-2.27.so
7f5b195c0000-7f5b197c0000 ---p 001e7000 08:05 3408641                    /lib/x86_64-linux-gnu/libc-2.27.so
7f5b197c0000-7f5b197c4000 r--p 001e7000 08:05 3408641                    /lib/x86_64-linux-gnu/libc-2.27.so
7f5b197c4000-7f5b197c6000 rw-p 001eb000 08:05 3408641                    /lib/x86_64-linux-gnu/libc-2.27.so
7f5b197c6000-7f5b197ca000 rw-p 00000000 00:00 0 
7f5b197ca000-7f5b197cd000 r-xp 00000000 08:05 3408215                    /lib/x86_64-linux-gnu/libdl-2.27.so
7f5b197cd000-7f5b199cc000 ---p 00003000 08:05 3408215                    /lib/x86_64-linux-gnu/libdl-2.27.so
7f5b199cc000-7f5b199cd000 r--p 00002000 08:05 3408215                    /lib/x86_64-linux-gnu/libdl-2.27.so
7f5b199cd000-7f5b199ce000 rw-p 00003000 08:05 3408215                    /lib/x86_64-linux-gnu/libdl-2.27.so
7f5b199ce000-7f5b199e8000 r-xp 00000000 08:05 3408642                    /lib/x86_64-linux-gnu/libpthread-2.27.so
7f5b199e8000-7f5b19be7000 ---p 0001a000 08:05 3408642                    /lib/x86_64-linux-gnu/libpthread-2.27.so
7f5b19be7000-7f5b19be8000 r--p 00019000 08:05 3408642                    /lib/x86_64-linux-gnu/libpthread-2.27.so
7f5b19be8000-7f5b19be9000 rw-p 0001a000 08:05 3408642                    /lib/x86_64-linux-gnu/libpthread-2.27.so
7f5b19be9000-7f5b19bed000 rw-p 00000000 00:00 0 
7f5b19bed000-7f5b19c09000 r-xp 00000000 07:00 12943                      /lib/x86_64-linux-gnu/libz.so.1.2.11
7f5b19c09000-7f5b19e08000 ---p 0001c000 07:00 12943                      /lib/x86_64-linux-gnu/libz.so.1.2.11
7f5b19e08000-7f5b19e09000 r--p 0001b000 07:00 12943                      /lib/x86_64-linux-gnu/libz.so.1.2.11
7f5b19e09000-7f5b19e0a000 rw-p 0001c000 07:00 12943                      /lib/x86_64-linux-gnu/libz.so.1.2.11
7f5b19e0a000-7f5b19e31000 r-xp 00000000 07:00 12743                      /lib/x86_64-linux-gnu/ld-2.27.so
7f5b19e33000-7f5b19e38000 r-xp 00000000 08:05 3413215                    /usr/lib/jvm/java-13-oracle/lib/libdt_socket.so
7f5b19e38000-7f5b19e39000 r--p 00004000 08:05 3413215                    /usr/lib/jvm/java-13-oracle/lib/libdt_socket.so
7f5b19e39000-7f5b19e3a000 rw-p 00005000 08:05 3413215                    /usr/lib/jvm/java-13-oracle/lib/libdt_socket.so
7f5b19e3a000-7f5b19e41000 r--s 00000000 07:00 29707                      /usr/lib/x86_64-linux-gnu/gconv/gconv-modules.cache
7f5b19e41000-7f5b19e67000 rw-p 00000000 00:00 0 
7f5b19e67000-7f5b19e6e000 ---p 00000000 00:00 0 
7f5b19e6e000-7f5b19e89000 r-xp 00000000 08:05 3413227                    /usr/lib/jvm/java-13-oracle/lib/libjimage.so
7f5b19e89000-7f5b19e8a000 ---p 0001b000 08:05 3413227                    /usr/lib/jvm/java-13-oracle/lib/libjimage.so
7f5b19e8a000-7f5b19e8c000 r--p 0001b000 08:05 3413227                    /usr/lib/jvm/java-13-oracle/lib/libjimage.so
7f5b19e8c000-7f5b19e8d000 rw-p 0001d000 08:05 3413227                    /usr/lib/jvm/java-13-oracle/lib/libjimage.so
7f5b19e8d000-7f5b19e94000 r-xp 00000000 08:05 3413246                    /usr/lib/jvm/java-13-oracle/lib/libzip.so
7f5b19e94000-7f5b19e95000 r--p 00006000 08:05 3413246                    /usr/lib/jvm/java-13-oracle/lib/libzip.so
7f5b19e95000-7f5b19e96000 rw-p 00007000 08:05 3413246                    /usr/lib/jvm/java-13-oracle/lib/libzip.so
7f5b19e96000-7f5b19e9e000 rw-s 00000000 00:31 41                         /tmp/hsperfdata_ubuntu/24386
7f5b19e9e000-7f5b19eda000 r-xp 00000000 08:05 3413226                    /usr/lib/jvm/java-13-oracle/lib/libjdwp.so
7f5b19eda000-7f5b19edb000 r--p 0003b000 08:05 3413226                    /usr/lib/jvm/java-13-oracle/lib/libjdwp.so
7f5b19edb000-7f5b19edc000 rw-p 0003c000 08:05 3413226                    /usr/lib/jvm/java-13-oracle/lib/libjdwp.so
7f5b19edc000-7f5b19f03000 r-xp 00000000 08:05 3413223                    /usr/lib/jvm/java-13-oracle/lib/libjava.so
7f5b19f03000-7f5b19f04000 r--p 00026000 08:05 3413223                    /usr/lib/jvm/java-13-oracle/lib/libjava.so
7f5b19f04000-7f5b19f06000 rw-p 00027000 08:05 3413223                    /usr/lib/jvm/java-13-oracle/lib/libjava.so
7f5b19f06000-7f5b19f0a000 ---p 00000000 00:00 0 
7f5b19f0a000-7f5b1a009000 rw-p 00000000 00:00 0 
7f5b1a009000-7f5b1a018000 r-xp 00000000 08:05 3413228                    /usr/lib/jvm/java-13-oracle/lib/libjli.so
7f5b1a018000-7f5b1a019000 r--p 0000e000 08:05 3413228                    /usr/lib/jvm/java-13-oracle/lib/libjli.so
7f5b1a019000-7f5b1a01a000 rw-p 0000f000 08:05 3413228                    /usr/lib/jvm/java-13-oracle/lib/libjli.so
7f5b1a01a000-7f5b1a01c000 rw-p 00000000 00:00 0 
7f5b1a01e000-7f5b1a01f000 ---p 00000000 00:00 0 
7f5b1a01f000-7f5b1a020000 r--p 00000000 00:00 0 
7f5b1a020000-7f5b1a021000 ---p 00000000 00:00 0 
7f5b1a021000-7f5b1a02e000 r-xp 00000000 08:05 3413245                    /usr/lib/jvm/java-13-oracle/lib/libverify.so
7f5b1a02e000-7f5b1a030000 r--p 0000c000 08:05 3413245                    /usr/lib/jvm/java-13-oracle/lib/libverify.so
7f5b1a030000-7f5b1a031000 rw-p 0000e000 08:05 3413245                    /usr/lib/jvm/java-13-oracle/lib/libverify.so
7f5b1a031000-7f5b1a032000 r--p 00027000 07:00 12743                      /lib/x86_64-linux-gnu/ld-2.27.so
7f5b1a032000-7f5b1a033000 rw-p 00028000 07:00 12743                      /lib/x86_64-linux-gnu/ld-2.27.so
7f5b1a033000-7f5b1a034000 rw-p 00000000 00:00 0 
7ffc73a5c000-7ffc73a7e000 rw-p 00000000 00:00 0                          [stack]
7ffc73afc000-7ffc73aff000 r--p 00000000 00:00 0                          [vvar]
7ffc73aff000-7ffc73b00000 r-xp 00000000 00:00 0                          [vdso]
ffffffffff600000-ffffffffff601000 --xp 00000000 00:00 0                  [vsyscall]


VM Arguments:
jvm_args: -agentlib:jdwp=transport=dt_socket,suspend=y,address=localhost:40823 -Dfile.encoding=UTF-8 
java_command: main.listaExperimentos Benchmarks/testsuite/ Diag
java_class_path (initial): /home/ubuntu/git/TestingProductConfiguration/Experiments/bin:/home/ubuntu/Desktop/FaMA-master/FaMaFeatureModel/target/classes:/home/ubuntu/Desktop/FaMA-master/FaMaFeatureModel/target/test-classes:/home/ubuntu/Desktop/FaMA-master/FaMaSDK/target/classes:/home/ubuntu/Desktop/FaMA-master/FaMaSDK/target/test-classes:/home/ubuntu/.m2/repository/org/osgi/osgi_R4_core/1.0/osgi_R4_core-1.0.jar:/home/ubuntu/.m2/repository/org/osgi/osgi_R4_compendium/1.0/osgi_R4_compendium-1.0.jar:/home/ubuntu/Desktop/FaMA-master/FaMaFeatureModel/resources/lib/Fmapi.jar:/home/ubuntu/Desktop/FaMA-master/FaMaFeatureModel/resources/lib/javacsv.jar:/home/ubuntu/Desktop/FaMA-master/FaMaFeatureModel/resources/lib/antlr.jar:/home/ubuntu/Desktop/FaMA-master/reasoner_sat4j/target/classes:/home/ubuntu/Desktop/FaMA-master/reasoner_sat4j/target/test-classes:/home/ubuntu/Desktop/eclipse/plugins/javax.xml_1.3.4.v201005080400.jar:/home/ubuntu/Desktop/eclipse/plugins/org.eclipse.osgi_3.15.100.v20191114-1701.jar:/home/ubuntu/Desktop/eclipse/plugins/org.eclipse.osgi.compatibility.state_1.1.600.v20190814-1451.jar:/home/ubuntu/Desktop/eclipse/plugins/org.sat4j.core_2.3.5.v201308161310.jar:/home/ubuntu/Desktop/eclipse/plugins/org.sat4j.pb_2.3.5.v201404071733.jar:/home/ubuntu/Desktop/FaMA-master/reasoner_sat4j/resources/lib/org.sat4j.core.jar:/home/ubuntu/Desktop/FaMA-master/reasoner_sat4j/resources/lib/org.sat4j.maxsat.jar:/home/ubuntu/Desktop/FaMA-master/reasoner_sat4j/resources/lib/sat4j-maxsat.jar:/home/ubuntu/Desktop/eclipse/plugins/org.junit_4.12.0.v201504281640/junit.jar:/home/ubuntu/Desktop/eclipse/plugins/org.hamcrest.core_1.3.0.v20180420-1519.jar:/home/ubuntu/git/TestingProductConfiguration/Choco2Reasoner/resources/lib/choco-2.1.0-basic+old.jar:/home/ubuntu/git/TestingProductConfiguration/Choco2Reasoner/target/classes:/home/ubuntu/git/TestingProductConfiguration/Choco2Reasoner/target/test-classes:/home/ubuntu/Desktop/FaMA-master/FaMA-Executor-master/antlr4-runtime-4.7.1.jar:/h
Launcher Type: SUN_STANDARD

[Global flags]
     intx CICompilerCount                          = 3                                         {product} {ergonomic}
     uint ConcGCThreads                            = 1                                         {product} {ergonomic}
     uint G1ConcRefinementThreads                  = 4                                         {product} {ergonomic}
   size_t G1HeapRegionSize                         = 1048576                                   {product} {ergonomic}
    uintx GCDrainStackTargetSize                   = 64                                        {product} {ergonomic}
   size_t InitialHeapSize                          = 130023424                                 {product} {ergonomic}
   size_t MarkStackSize                            = 4194304                                   {product} {ergonomic}
   size_t MaxHeapSize                              = 2063597568                                {product} {ergonomic}
   size_t MaxNewSize                               = 1237319680                                {product} {ergonomic}
   size_t MinHeapDeltaBytes                        = 1048576                                   {product} {ergonomic}
   size_t MinHeapSize                              = 8388608                                   {product} {ergonomic}
    uintx NonNMethodCodeHeapSize                   = 5832780                                {pd product} {ergonomic}
    uintx NonProfiledCodeHeapSize                  = 122912730                              {pd product} {ergonomic}
    uintx ProfiledCodeHeapSize                     = 122912730                              {pd product} {ergonomic}
    uintx ReservedCodeCacheSize                    = 251658240                              {pd product} {ergonomic}
     bool SegmentedCodeCache                       = true                                      {product} {ergonomic}
   size_t SoftMaxHeapSize                          = 2063597568                             {manageable} {ergonomic}
     bool UseCompressedClassPointers               = true                                 {lp64_product} {ergonomic}
     bool UseCompressedOops                        = true                                 {lp64_product} {ergonomic}
     bool UseG1GC                                  = true                                      {product} {ergonomic}

Logging:
Log output configuration:
 #0: stdout all=warning uptime,level,tags
 #1: stderr all=off uptime,level,tags

Environment Variables:
JAVA_HOME=/usr/lib/jvm/java-13-oracle
PATH=/home/ubuntu/.local/bin:/usr/local/sbin:/usr/local/bin:/usr/sbin:/usr/bin:/sbin:/bin:/usr/games:/usr/local/games:/snap/bin:/usr/lib/jvm/java-13-oracle/bin:/usr/lib/jvm/java-13-oracle/db/bin
USERNAME=ubuntu
SHELL=/bin/bash
DISPLAY=:0

Signal Handlers:
SIGSEGV: [libjvm.so+0xdc0200], sa_mask[0]=11111111011111111101111111111110, sa_flags=SA_RESTART|SA_SIGINFO
SIGBUS: [libjvm.so+0xdc0200], sa_mask[0]=11111111011111111101111111111110, sa_flags=SA_RESTART|SA_SIGINFO
SIGFPE: [libjvm.so+0xdc0200], sa_mask[0]=11111111011111111101111111111110, sa_flags=SA_RESTART|SA_SIGINFO
SIGPIPE: [libjvm.so+0xb9f710], sa_mask[0]=11111111011111111101111111111110, sa_flags=SA_RESTART|SA_SIGINFO
SIGXFSZ: [libjvm.so+0xb9f710], sa_mask[0]=11111111011111111101111111111110, sa_flags=SA_RESTART|SA_SIGINFO
SIGILL: [libjvm.so+0xdc0200], sa_mask[0]=11111111011111111101111111111110, sa_flags=SA_RESTART|SA_SIGINFO
SIGUSR2: [libjvm.so+0xb9f5a0], sa_mask[0]=00100000000000000000000000000000, sa_flags=SA_RESTART|SA_SIGINFO
SIGHUP: [libjvm.so+0xb9fd10], sa_mask[0]=11111111011111111101111111111110, sa_flags=SA_RESTART|SA_SIGINFO
SIGINT: [libjvm.so+0xb9fd10], sa_mask[0]=11111111011111111101111111111110, sa_flags=SA_RESTART|SA_SIGINFO
SIGTERM: [libjvm.so+0xb9fd10], sa_mask[0]=11111111011111111101111111111110, sa_flags=SA_RESTART|SA_SIGINFO
SIGQUIT: [libjvm.so+0xb9fd10], sa_mask[0]=11111111011111111101111111111110, sa_flags=SA_RESTART|SA_SIGINFO


---------------  S Y S T E M  ---------------

OS:DISTRIB_ID=Ubuntu
DISTRIB_RELEASE=18.04
DISTRIB_CODENAME=bionic
DISTRIB_DESCRIPTION="Ubuntu 18.04.4 LTS"
uname:Linux 5.3.0-28-generic #30~18.04.1-Ubuntu SMP Fri Jan 17 06:14:09 UTC 2020 x86_64
libc:glibc 2.27 NPTL 2.27 
rlimit: STACK 8192k, CORE 0k, NPROC 31282, NOFILE 4096, AS infinity, DATA infinity, FSIZE infinity
load average:0.51 0.80 1.12

/proc/meminfo:
MemTotal:        8059388 kB
MemFree:          234544 kB
MemAvailable:    2951040 kB
Buffers:          327032 kB
Cached:          3261868 kB
SwapCached:            0 kB
Active:          4734920 kB
Inactive:        1718532 kB
Active(anon):    3395220 kB
Inactive(anon):   679432 kB
Active(file):    1339700 kB
Inactive(file):  1039100 kB
Unevictable:      520960 kB
Mlocked:             112 kB
SwapTotal:             0 kB
SwapFree:              0 kB
Dirty:               548 kB
Writeback:             0 kB
AnonPages:       3385880 kB
Mapped:          1134912 kB
Shmem:           1210044 kB
KReclaimable:     646508 kB
Slab:             718452 kB
SReclaimable:     646508 kB
SUnreclaim:        71944 kB
KernelStack:       13872 kB
PageTables:        64116 kB
NFS_Unstable:          0 kB
Bounce:                0 kB
WritebackTmp:          0 kB
CommitLimit:     4029692 kB
Committed_AS:   11900760 kB
VmallocTotal:   34359738367 kB
VmallocUsed:       33144 kB
VmallocChunk:          0 kB
Percpu:             1392 kB
HardwareCorrupted:     0 kB
AnonHugePages:         0 kB
ShmemHugePages:        0 kB
ShmemPmdMapped:        0 kB
CmaTotal:              0 kB
CmaFree:               0 kB
HugePages_Total:       0
HugePages_Free:        0
HugePages_Rsvd:        0
HugePages_Surp:        0
Hugepagesize:       2048 kB
Hugetlb:               0 kB
DirectMap4k:      273036 kB
DirectMap2M:     6973440 kB
DirectMap1G:     1048576 kB


/proc/sys/kernel/threads-max (system-wide limit on the number of threads):
62564


/proc/sys/vm/max_map_count (maximum number of memory map areas a process may have):
65530


/proc/sys/kernel/pid_max (system-wide limit on number of process identifiers):
32768



container (cgroup) information:
container_type: cgroupv1
cpu_cpuset_cpus: 0-3
cpu_memory_nodes: 0
active_processor_count: 4
cpu_quota: no quota
cpu_period: 100000
cpu_shares: no shares
memory_limit_in_bytes: unlimited
memory_and_swap_limit_in_bytes: not supported
memory_soft_limit_in_bytes: unlimited
memory_usage_in_bytes: 7142084608
memory_max_usage_in_bytes: 53825536

Steal ticks since vm start: 0
Steal ticks percentage since vm start:  0.000

CPU:total 4 (initial active 4) (2 cores per cpu, 2 threads per core) family 6 model 69 stepping 1, cmov, cx8, fxsr, mmx, sse, sse2, sse3, ssse3, sse4.1, sse4.2, popcnt, avx, avx2, aes, clmul, erms, lzcnt, ht, tsc, tscinvbit, bmi1, bmi2, fma
CPU Model and flags from /proc/cpuinfo:
model name	: Intel(R) Core(TM) i5-4288U CPU @ 2.60GHz
flags		: fpu vme de pse tsc msr pae mce cx8 apic sep mtrr pge mca cmov pat pse36 clflush dts acpi mmx fxsr sse sse2 ss ht tm pbe syscall nx pdpe1gb rdtscp lm constant_tsc arch_perfmon pebs bts rep_good nopl xtopology nonstop_tsc cpuid aperfmperf pni pclmulqdq dtes64 monitor ds_cpl vmx est tm2 ssse3 sdbg fma cx16 xtpr pdcm pcid sse4_1 sse4_2 x2apic movbe popcnt tsc_deadline_timer aes xsave avx f16c rdrand lahf_lm abm cpuid_fault epb invpcid_single pti ssbd ibrs ibpb stibp tpr_shadow vnmi flexpriority ept vpid ept_ad fsgsbase tsc_adjust bmi1 avx2 smep bmi2 erms invpcid xsaveopt dtherm ida arat pln pts md_clear flush_l1d

Memory: 4k page, physical 8059388k(234544k free), swap 0k(0k free)

vm_info: Java HotSpot(TM) 64-Bit Server VM (13.0.2+8) for linux-amd64 JRE (13.0.2+8), built on Dec 11 2019 09:23:46 by "mach5one" with gcc 8.2.0

END.
